[debug] [2017-06-08T22:25:32.112Z] ----------------------------------------------------------------------
[debug] [2017-06-08T22:25:32.116Z] Command:      /usr/local/bin/node /usr/local/bin/firebase serve
[debug] [2017-06-08T22:25:32.116Z] CLI Version:  3.9.1
[debug] [2017-06-08T22:25:32.116Z] Platform:     darwin
[debug] [2017-06-08T22:25:32.116Z] Node Version: v6.10.0
[debug] [2017-06-08T22:25:32.117Z] Time:         Thu Jun 08 2017 15:25:32 GMT-0700 (MST)
[debug] [2017-06-08T22:25:32.117Z] ----------------------------------------------------------------------
[debug] 
[debug] [2017-06-08T22:25:32.218Z] > command requires scopes: ["email","openid","https://www.googleapis.com/auth/cloudplatformprojects.readonly","https://www.googleapis.com/auth/firebase","https://www.googleapis.com/auth/cloud-platform"]
[debug] [2017-06-08T22:25:32.219Z] > authorizing via signed-in user
[debug] [2017-06-08T22:25:32.222Z] > refreshing access token with scopes: ["email","https://www.googleapis.com/auth/cloud-platform","https://www.googleapis.com/auth/cloudplatformprojects.readonly","https://www.googleapis.com/auth/firebase","openid"]
[debug] [2017-06-08T22:25:32.223Z] >>> HTTP REQUEST POST https://www.googleapis.com/oauth2/v3/token { refresh_token: '1/dpa_7GpUeNKQHVDP35ajzYnMiIdyRD4MnygL3UClKdE',
  client_id: '563584335869-fgrhgmd47bqnekij5i8b5pr03ho849e6.apps.googleusercontent.com',
  client_secret: 'j9iVZfS8kkCEFUPaAeJV0sAi',
  grant_type: 'refresh_token',
  scope: 'email https://www.googleapis.com/auth/cloud-platform https://www.googleapis.com/auth/cloudplatformprojects.readonly https://www.googleapis.com/auth/firebase openid' } 
 Thu Jun 08 2017 15:25:32 GMT-0700 (MST)
[debug] [2017-06-08T22:25:32.738Z] <<< HTTP RESPONSE 200
[debug] [2017-06-08T22:25:32.741Z] >>> HTTP REQUEST GET https://admin.firebase.com/v1/projects/cloud-application-174ce  
 Thu Jun 08 2017 15:25:32 GMT-0700 (MST)
[debug] [2017-06-08T22:25:33.403Z] <<< HTTP RESPONSE 200
[debug] [2017-06-08T22:25:33.404Z] >>> HTTP REQUEST GET https://admin.firebase.com/v1/database/cloud-application-174ce/tokens  
 Thu Jun 08 2017 15:25:33 GMT-0700 (MST)
[debug] [2017-06-08T22:25:33.998Z] <<< HTTP RESPONSE 200
[info] 
[info] === Serving from '/Users/adolfosegura/Projects/Firebase/firebase_tutorial'...
[info] 
[debug] [2017-06-08T22:25:34.003Z] >>> HTTP REQUEST GET https://cloudresourcemanager.googleapis.com/v1/projects/cloud-application-174ce  
 Thu Jun 08 2017 15:25:34 GMT-0700 (MST)
[debug] [2017-06-08T22:25:34.613Z] <<< HTTP RESPONSE 200
[debug] [2017-06-08T22:25:34.614Z] >>> HTTP REQUEST GET https://mobilesdk-pa.googleapis.com/v1/projects/373883835285/clients/_:getWebAppConfig  
 Thu Jun 08 2017 15:25:34 GMT-0700 (MST)
[debug] [2017-06-08T22:25:35.227Z] <<< HTTP RESPONSE 200
[info] i  hosting: Serving hosting files from: ./
[info] ✔  hosting: Local server: http://localhost:5000

